e:\08143\acw_wordsearch\acw_wordsearch\x64\debug\vc141.pdb
e:\08143\acw_wordsearch\acw_wordsearch\x64\debug\vc141.idb
e:\08143\acw_wordsearch\acw_wordsearch\x64\debug\advancedgrid.obj
e:\08143\acw_wordsearch\acw_wordsearch\x64\debug\lettercell.obj
e:\08143\acw_wordsearch\acw_wordsearch\x64\debug\main.obj
e:\08143\acw_wordsearch\acw_wordsearch\x64\debug\wordsearch.obj
e:\08143\acw_wordsearch\x64\debug\acw_wordsearch.exe
e:\08143\acw_wordsearch\x64\debug\acw_wordsearch.ilk
e:\08143\acw_wordsearch\x64\debug\acw_wordsearch.pdb
d:\acw_wordsearch\acw_wordsearch\x64\debug\advancedgrid.obj
d:\acw_wordsearch\acw_wordsearch\x64\debug\lettercell.obj
d:\acw_wordsearch\acw_wordsearch\x64\debug\main.obj
d:\acw_wordsearch\acw_wordsearch\x64\debug\wordsearch.obj
d:\acw_wordsearch\acw_wordsearch\x64\debug\vc141.idb
d:\acw_wordsearch\acw_wordsearch\x64\debug\vc141.pdb
d:\acw_wordsearch\x64\debug\acw_wordsearch.pdb
d:\acw_wordsearch\x64\debug\acw_wordsearch.exe
d:\acw_wordsearch\x64\debug\acw_wordsearch.ilk
d:\acw_wordsearch\acw_wordsearch\x64\debug\acw_wordsearch.tlog\cl.command.1.tlog
d:\acw_wordsearch\acw_wordsearch\x64\debug\acw_wordsearch.tlog\cl.read.1.tlog
d:\acw_wordsearch\acw_wordsearch\x64\debug\acw_wordsearch.tlog\cl.write.1.tlog
d:\acw_wordsearch\acw_wordsearch\x64\debug\acw_wordsearch.tlog\link.command.1.tlog
d:\acw_wordsearch\acw_wordsearch\x64\debug\acw_wordsearch.tlog\link.read.1.tlog
d:\acw_wordsearch\acw_wordsearch\x64\debug\acw_wordsearch.tlog\link.write.1.tlog
